Added Component: Designator=C1(CAPC2012X140N)
Add component (AddParameter): Name = "Check_prices"; Value = "https://www.snapeda.com/parts/FS051C473K4Z2A/AVX/view-part/?ref=eda"; VariantName = "[No Variations]"
Add component (AddParameter): Name = "MF"; Value = "AVX"; VariantName = "[No Variations]"
Add component (AddParameter): Name = "MP"; Value = "FS051C473K4Z2A"; VariantName = "[No Variations]"
Add component (AddParameter): Name = "Package"; Value = "0805-2 AVX"; VariantName = "[No Variations]"
Add component (AddParameter): Name = "SnapEDA_Link"; Value = "https://www.snapeda.com/parts/FS051C473K4Z2A/AVX/view-part/?ref=snap"; VariantName = "[No Variations]"
Add component (AddParameter): Name = "Value"; Value = ""; VariantName = "[No Variations]"
Added Component: Designator=C2(CAPC2012X140N)
Add component (AddParameter): Name = "Check_prices"; Value = "https://www.snapeda.com/parts/FS051C473K4Z2A/AVX/view-part/?ref=eda"; VariantName = "[No Variations]"
Add component (AddParameter): Name = "MF"; Value = "AVX"; VariantName = "[No Variations]"
Add component (AddParameter): Name = "MP"; Value = "FS051C473K4Z2A"; VariantName = "[No Variations]"
Add component (AddParameter): Name = "Package"; Value = "0805-2 AVX"; VariantName = "[No Variations]"
Add component (AddParameter): Name = "SnapEDA_Link"; Value = "https://www.snapeda.com/parts/FS051C473K4Z2A/AVX/view-part/?ref=snap"; VariantName = "[No Variations]"
Add component (AddParameter): Name = "Value"; Value = ""; VariantName = "[No Variations]"
Added Component: Designator=D1(DO-214AC)
Add component (AddParameter): Name = "Check_prices"; Value = "https://www.snapeda.com/parts/SS14/Onsemi/view-part/?ref=eda"; VariantName = "[No Variations]"
Add component (AddParameter): Name = "MF"; Value = "onsemi"; VariantName = "[No Variations]"
Add component (AddParameter): Name = "MP"; Value = "SS14"; VariantName = "[No Variations]"
Add component (AddParameter): Name = "Package"; Value = "SMA-2 ON Semiconductor"; VariantName = "[No Variations]"
Add component (AddParameter): Name = "SnapEDA_Link"; Value = "https://www.snapeda.com/parts/SS14/Onsemi/view-part/?ref=snap"; VariantName = "[No Variations]"
Add component (AddParameter): Name = "Value"; Value = ""; VariantName = "[No Variations]"
Added Component: Designator=D2(DO-214AC)
Add component (AddParameter): Name = "Check_prices"; Value = "https://www.snapeda.com/parts/SS14/Onsemi/view-part/?ref=eda"; VariantName = "[No Variations]"
Add component (AddParameter): Name = "MF"; Value = "onsemi"; VariantName = "[No Variations]"
Add component (AddParameter): Name = "MP"; Value = "SS14"; VariantName = "[No Variations]"
Add component (AddParameter): Name = "Package"; Value = "SMA-2 ON Semiconductor"; VariantName = "[No Variations]"
Add component (AddParameter): Name = "SnapEDA_Link"; Value = "https://www.snapeda.com/parts/SS14/Onsemi/view-part/?ref=snap"; VariantName = "[No Variations]"
Add component (AddParameter): Name = "Value"; Value = ""; VariantName = "[No Variations]"
Added Component: Designator=U1(SOT95P280X145-5N)
Add component (AddParameter): Name = "Check_prices"; Value = "https://www.snapeda.com/parts/TLV73333PDBVR/Texas+Instruments/view-part/?ref=eda"; VariantName = "[No Variations]"
Add component (AddParameter): Name = "MF"; Value = "Texas Instruments"; VariantName = "[No Variations]"
Add component (AddParameter): Name = "MP"; Value = "TLV73333PDBVR"; VariantName = "[No Variations]"
Add component (AddParameter): Name = "Package"; Value = "SOT-23-5 Texas Instruments"; VariantName = "[No Variations]"
Add component (AddParameter): Name = "SnapEDA_Link"; Value = "https://www.snapeda.com/parts/TLV73333PDBVR/Texas+Instruments/view-part/?ref=snap"; VariantName = "[No Variations]"
Add component (AddParameter): Name = "Value"; Value = ""; VariantName = "[No Variations]"
Added Pin To Net: NetName=Vin Pin=C1-1
Added Pin To Net: NetName=GND Pin=C1-2
Added Pin To Net: NetName=Vout Pin=C2-1
Added Pin To Net: NetName=GND Pin=C2-2
Added Pin To Net: NetName=solar Pin=D1-A
Added Pin To Net: NetName=Vin Pin=D1-K
Added Pin To Net: NetName=bat Pin=D2-A
Added Pin To Net: NetName=Vin Pin=D2-K
Added Pin To Net: NetName=Vin Pin=U1-1
Added Pin To Net: NetName=GND Pin=U1-2
Added Pin To Net: NetName=Vin Pin=U1-3
Added Pin To Net: NetName=Vout Pin=U1-5
Added Member To Class: ClassName=Sheet1 Member=Component C1 FS051C473K4Z2A
Added Member To Class: ClassName=Sheet1 Member=Component C2 FS051C473K4Z2A
Added Member To Class: ClassName=Sheet1 Member=Component D1 SS14
Added Member To Class: ClassName=Sheet1 Member=Component D2 SS14
Added Member To Class: ClassName=Sheet1 Member=Component U1 TLV73333PDBVR
