Added Component: Designator=6.5V(BAT-2)
Add component (AddParameter): Name = "LatestRevisionDate"; Value = "17-Jul-2002"; VariantName = "[No Variations]"
Add component (AddParameter): Name = "LatestRevisionNote"; Value = "Re-released for DXP Platform."; VariantName = "[No Variations]"
Add component (AddParameter): Name = "PackageDescription"; Value = "Battery; 2 Leads"; VariantName = "[No Variations]"
Add component (AddParameter): Name = "PackageReference"; Value = "BAT-2"; VariantName = "[No Variations]"
Add component (AddParameter): Name = "Published"; Value = "24-Mar-1999"; VariantName = "[No Variations]"
Add component (AddParameter): Name = "Publisher"; Value = "Altium Limited"; VariantName = "[No Variations]"
Added Component: Designator=Q1(SOT-23)
Add component (AddParameter): Name = "Availability"; Value = "In Stock"; VariantName = "[No Variations]"
Add component (AddParameter): Name = "Check_prices"; Value = "https://www.snapeda.com/parts/S8050/Umwelt+Sensor+Teknik/view-part/?ref=eda"; VariantName = "[No Variations]"
Add component (AddParameter): Name = "MF"; Value = "UMW"; VariantName = "[No Variations]"
Add component (AddParameter): Name = "MP"; Value = "S8050"; VariantName = "[No Variations]"
Add component (AddParameter): Name = "Package"; Value = "None"; VariantName = "[No Variations]"
Add component (AddParameter): Name = "Price"; Value = "None"; VariantName = "[No Variations]"
Add component (AddParameter): Name = "Purchase-URL"; Value = "https://pricing.snapeda.com/search/part/S8050/?ref=eda"; VariantName = "[No Variations]"
Add component (AddParameter): Name = "SnapEDA_Link"; Value = "https://www.snapeda.com/parts/S8050/Umwelt+Sensor+Teknik/view-part/?ref=snap"; VariantName = "[No Variations]"
Add component (AddParameter): Name = "Value"; Value = ""; VariantName = "[No Variations]"
Added Component: Designator=R1(RESC3216X75N)
Add component (AddParameter): Name = "Check_prices"; Value = "https://www.snapeda.com/parts/CR1206-J/-000ELF/Bourns/view-part/?ref=eda"; VariantName = "[No Variations]"
Add component (AddParameter): Name = "MF"; Value = "Bourns"; VariantName = "[No Variations]"
Add component (AddParameter): Name = "MP"; Value = "CR1206-J/-000ELF"; VariantName = "[No Variations]"
Add component (AddParameter): Name = "Package"; Value = "3216 Bourns"; VariantName = "[No Variations]"
Add component (AddParameter): Name = "SnapEDA_Link"; Value = "https://www.snapeda.com/parts/CR1206-J/-000ELF/Bourns/view-part/?ref=snap"; VariantName = "[No Variations]"
Add component (AddParameter): Name = "Value"; Value = ""; VariantName = "[No Variations]"
Added Component: Designator=R2(RESC3216X75N)
Add component (AddParameter): Name = "Check_prices"; Value = "https://www.snapeda.com/parts/CR1206-J/-000ELF/Bourns/view-part/?ref=eda"; VariantName = "[No Variations]"
Add component (AddParameter): Name = "MF"; Value = "Bourns"; VariantName = "[No Variations]"
Add component (AddParameter): Name = "MP"; Value = "CR1206-J/-000ELF"; VariantName = "[No Variations]"
Add component (AddParameter): Name = "Package"; Value = "3216 Bourns"; VariantName = "[No Variations]"
Add component (AddParameter): Name = "SnapEDA_Link"; Value = "https://www.snapeda.com/parts/CR1206-J/-000ELF/Bourns/view-part/?ref=snap"; VariantName = "[No Variations]"
Add component (AddParameter): Name = "Value"; Value = ""; VariantName = "[No Variations]"
Added Component: Designator=R3(RESC3216X75N)
Add component (AddParameter): Name = "Check_prices"; Value = "https://www.snapeda.com/parts/CR1206-J/-000ELF/Bourns/view-part/?ref=eda"; VariantName = "[No Variations]"
Add component (AddParameter): Name = "MF"; Value = "Bourns"; VariantName = "[No Variations]"
Add component (AddParameter): Name = "MP"; Value = "CR1206-J/-000ELF"; VariantName = "[No Variations]"
Add component (AddParameter): Name = "Package"; Value = "3216 Bourns"; VariantName = "[No Variations]"
Add component (AddParameter): Name = "SnapEDA_Link"; Value = "https://www.snapeda.com/parts/CR1206-J/-000ELF/Bourns/view-part/?ref=snap"; VariantName = "[No Variations]"
Add component (AddParameter): Name = "Value"; Value = ""; VariantName = "[No Variations]"
Added Component: Designator=R4(RESC3216X75N)
Add component (AddParameter): Name = "Check_prices"; Value = "https://www.snapeda.com/parts/CR1206-J/-000ELF/Bourns/view-part/?ref=eda"; VariantName = "[No Variations]"
Add component (AddParameter): Name = "MF"; Value = "Bourns"; VariantName = "[No Variations]"
Add component (AddParameter): Name = "MP"; Value = "CR1206-J/-000ELF"; VariantName = "[No Variations]"
Add component (AddParameter): Name = "Package"; Value = "3216 Bourns"; VariantName = "[No Variations]"
Add component (AddParameter): Name = "SnapEDA_Link"; Value = "https://www.snapeda.com/parts/CR1206-J/-000ELF/Bourns/view-part/?ref=snap"; VariantName = "[No Variations]"
Add component (AddParameter): Name = "Value"; Value = ""; VariantName = "[No Variations]"
Added Component: Designator=R5(RESC3216X75N)
Add component (AddParameter): Name = "Check_prices"; Value = "https://www.snapeda.com/parts/CR1206-J/-000ELF/Bourns/view-part/?ref=eda"; VariantName = "[No Variations]"
Add component (AddParameter): Name = "MF"; Value = "Bourns"; VariantName = "[No Variations]"
Add component (AddParameter): Name = "MP"; Value = "CR1206-J/-000ELF"; VariantName = "[No Variations]"
Add component (AddParameter): Name = "Package"; Value = "3216 Bourns"; VariantName = "[No Variations]"
Add component (AddParameter): Name = "SnapEDA_Link"; Value = "https://www.snapeda.com/parts/CR1206-J/-000ELF/Bourns/view-part/?ref=snap"; VariantName = "[No Variations]"
Add component (AddParameter): Name = "Value"; Value = ""; VariantName = "[No Variations]"
Added Component: Designator=R6(RESC3216X75N)
Add component (AddParameter): Name = "Check_prices"; Value = "https://www.snapeda.com/parts/CR1206-J/-000ELF/Bourns/view-part/?ref=eda"; VariantName = "[No Variations]"
Add component (AddParameter): Name = "MF"; Value = "Bourns"; VariantName = "[No Variations]"
Add component (AddParameter): Name = "MP"; Value = "CR1206-J/-000ELF"; VariantName = "[No Variations]"
Add component (AddParameter): Name = "Package"; Value = "3216 Bourns"; VariantName = "[No Variations]"
Add component (AddParameter): Name = "SnapEDA_Link"; Value = "https://www.snapeda.com/parts/CR1206-J/-000ELF/Bourns/view-part/?ref=snap"; VariantName = "[No Variations]"
Add component (AddParameter): Name = "Value"; Value = ""; VariantName = "[No Variations]"
Added Component: Designator=T1(DESTO_SOT23)
Add component (AddParameter): Name = "Check_prices"; Value = "https://www.snapeda.com/parts/SI2301/Micro+Commercial+Components/view-part/?ref=eda"; VariantName = "[No Variations]"
Add component (AddParameter): Name = "MF"; Value = "Micro Commercial Components (MCC)"; VariantName = "[No Variations]"
Add component (AddParameter): Name = "MP"; Value = "SI2301"; VariantName = "[No Variations]"
Add component (AddParameter): Name = "Package"; Value = "SOT-23 MCC"; VariantName = "[No Variations]"
Add component (AddParameter): Name = "SnapEDA_Link"; Value = "https://www.snapeda.com/parts/SI2301/Micro+Commercial+Components/view-part/?ref=snap"; VariantName = "[No Variations]"
Add component (AddParameter): Name = "Value"; Value = ""; VariantName = "[No Variations]"
Added Component: Designator=T2(DESTO_SOT23)
Add component (AddParameter): Name = "Check_prices"; Value = "https://www.snapeda.com/parts/SI2301/Micro+Commercial+Components/view-part/?ref=eda"; VariantName = "[No Variations]"
Add component (AddParameter): Name = "MF"; Value = "Micro Commercial Components (MCC)"; VariantName = "[No Variations]"
Add component (AddParameter): Name = "MP"; Value = "SI2301"; VariantName = "[No Variations]"
Add component (AddParameter): Name = "Package"; Value = "SOT-23 MCC"; VariantName = "[No Variations]"
Add component (AddParameter): Name = "SnapEDA_Link"; Value = "https://www.snapeda.com/parts/SI2301/Micro+Commercial+Components/view-part/?ref=snap"; VariantName = "[No Variations]"
Add component (AddParameter): Name = "Value"; Value = ""; VariantName = "[No Variations]"
Added Pin To Net: NetName=Base Pin=Q1-1
Added Pin To Net: NetName=Base Pin=R1-1
Added Pin To Net: NetName=Base Pin=R2-2
Added Pin To Net: NetName=Base Pin=R3-2
Added Pin To Net: NetName=Base Pin=R5-1
Added Net: Name=Base
Added Pin To Net: NetName=Gate Pin=Q1-3
Added Pin To Net: NetName=Gate Pin=R4-1
Added Pin To Net: NetName=Gate Pin=T1-1
Added Net: Name=Gate
Added Pin To Net: NetName=GND Pin=6.5V-2
Added Pin To Net: NetName=GND Pin=Q1-2
Added Pin To Net: NetName=GND Pin=R2-1
Added Pin To Net: NetName=GND Pin=R3-1
Added Pin To Net: NetName=GND Pin=R6-1
Added Net: Name=GND
Added Pin To Net: NetName=Output Pin=R5-2
Added Pin To Net: NetName=Output Pin=R6-2
Added Pin To Net: NetName=Output Pin=T1-3
Added Net: Name=Output
Added Pin To Net: NetName=VCC Pin=6.5V-1
Added Pin To Net: NetName=VCC Pin=R1-2
Added Pin To Net: NetName=VCC Pin=R4-2
Added Pin To Net: NetName=VCC Pin=T1-2
Added Pin To Net: NetName=VCC Pin=T2-2
Added Net: Name=VCC
Added Class: Name=Sheet1
